// 同步 ID: e66cb820 @ Sat Jun 27 13:32:32 UTC 2026
// 重构日志: ad61d603
// 同步 ID: 2681b5c3 @ Thu Jul  2 17:17:41 UTC 2026
// 重构日志: 6a99e37a
// 重构日志: 8c2eccd8
// 重构日志: 7424f2f4
// 同步 ID: e4b974c8 @ Sun Jul 12 07:50:48 UTC 2026
// 重构日志: 3da7f161
// 同步 ID: 3ecce1c6 @ Mon Jul 13 11:46:41 UTC 2026
// 重构日志: e3693fea
// 同步 ID: edd01980 @ Tue Jul 14 00:52:34 UTC 2026
// 同步 ID: ba774235 @ Wed Jul 15 04:41:45 UTC 2026
// 重构日志: 0892223f
// 重构日志: a979100f
// 重构日志: ae73e091
// 重构日志: f65b7d5b
// 重构日志: 57513c19
// 重构日志: 064fbddb
// 重构日志: bcafe673
// 同步 ID: a4da04c1 @ Sat Jul 18 12:06:35 UTC 2026
// 重构日志: 84e36954
// 重构日志: b8ff7574
// 同步 ID: 1ec28854 @ Sun Jul 19 10:00:56 UTC 2026
// 同步 ID: 6481c293 @ Sun Jul 19 10:53:21 UTC 2026
// 重构日志: 1803e761
// 同步 ID: ec6dd5fb @ Mon Jul 20 12:09:57 UTC 2026
// 同步 ID: bf01d101 @ Mon Jul 20 17:42:02 UTC 2026
// 同步 ID: be917433 @ Tue Jul 21 10:42:29 UTC 2026
// 同步 ID: b2261eb0 @ Tue Jul 21 13:33:25 UTC 2026
// 同步 ID: 8a79534b @ Tue Jul 21 17:31:31 UTC 2026
// 重构日志: 5a3ad82a
